x [*,Afternoon,*]
:   1   2   3   4   5   6   7    :=
1   0   0   0   0   0   0   0
2   0   0   0   0   0   0   0
3   0   0   0   0   0   0   0
4   0   0   0   0   0   0   0
5   0   0   0   0   0   0   0
6   0   0   0   0   0   0   0
7   0   0   0   0   0   0   0
8   1   1   1   1   1   1   1

 [*,Morning,*]
:   1   2   3   4   5   6   7    :=
1   0   0   0   0   0   0   0
2   0   0   0   0   0   0   0
3   0   0   0   0   0   0   0
4   0   0   0   0   0   0   0
5   0   0   0   0   0   0   0
6   0   0   0   0   0   0   0
7   1   1   1   1   1   1   1
8   0   0   0   0   0   0   0

 [*,Night,*]
:   1   2   3   4   5   6   7    :=
1   1   1   1   1   1   1   1
2   0   0   0   0   0   0   0
3   0   0   0   0   0   0   0
4   0   0   0   0   0   0   0
5   0   0   0   0   0   0   0
6   0   0   0   0   0   0   0
7   0   0   0   0   0   0   0
8   0   0   0   0   0   0   0
;

Total_Preferences = 105

